=== Sistema iniciado: Wed Mar 11 09:54:32 2026
========================================

[Wed Mar 11 09:54:32 2026] CPU inicializada
[Wed Mar 11 09:54:32 2026] Memoria inicializada
[Wed Mar 11 09:54:32 2026] Disco inicializado
[Wed Mar 11 09:54:32 2026] DMA y Disco inicializados
[Wed Mar 11 09:54:32 2026] Vector de interrupciones inicializado
[Wed Mar 11 09:54:32 2026] Sistema completo inicializado
[Wed Mar 11 09:54:38 2026] Programa 'prog1.txt' cargado al disco (Sector: 0, Palabras: 6)
[Wed Mar 11 09:54:38 2026] Memoria asignada (Particion 1): RAM[300] a RAM[384]
[Wed Mar 11 09:54:38 2026] Cargado en RAM[300]: 04100010
[Wed Mar 11 09:54:38 2026] Cargado en RAM[301]: 00100005
[Wed Mar 11 09:54:38 2026] Cargado en RAM[302]: 04100000
[Wed Mar 11 09:54:38 2026] Cargado en RAM[303]: 25000000
[Wed Mar 11 09:54:38 2026] Cargado en RAM[304]: 04100001
[Wed Mar 11 09:54:38 2026] Cargado en RAM[305]: 13000000
[Wed Mar 11 09:54:38 2026] Despacho: Entrante PID = 1
[Wed Mar 11 09:54:38 2026] Iniciando simulacion
[Wed Mar 11 09:54:38 2026] OPERACION: LOAD | Op1=10, Op2=10, res=10
[Wed Mar 11 09:54:38 2026] OPERACION: SUM | Op1=15, Op2=5, res=15
[Wed Mar 11 09:54:38 2026] OPERACION: LOAD | Op1=0, Op2=0, res=0
[Wed Mar 11 09:54:38 2026] OPERACION: PSH | Op1=0, Op2=1, res=0
[Wed Mar 11 09:54:38 2026] OPERACION: LOAD | Op1=1, Op2=1, res=1
[Wed Mar 11 09:54:38 2026] OPERACION: SVC | Op1=1, Op2=0, res=0
[Wed Mar 11 09:54:38 2026] INTERRUPCION ARROJADA: Codigo 2 - Llamada al sistema
[Wed Mar 11 09:54:38 2026] Llamada al sistema invocada: Codigo 1
[Wed Mar 11 09:54:38 2026] Memoria liberada: RAM[300] a RAM[384]
[LOG] Proceso 1: EJECUCION -> TERMINADO
